2015/04/09 13:36:36 [error] [exception.CException] exception 'CException' with message 'Property "SiteController.title" is not defined.' in /var/www/yii2/framework/base/CComponent.php:173
Stack trace:
#0 /var/www/yii2/inscripciones/themes/chame_blue/views/site/index.php(11): CComponent->__set('title', 'Sistema de Insc...')
#1 /var/www/yii2/framework/web/CBaseController.php(126): require('/var/www/yii2/i...')
#2 /var/www/yii2/framework/web/CBaseController.php(95): CBaseController->renderInternal('/var/www/yii2/i...', Array, true)
#3 /var/www/yii2/framework/web/CController.php(869): CBaseController->renderFile('/var/www/yii2/i...', Array, true)
#4 /var/www/yii2/framework/web/CController.php(782): CController->renderPartial('index', Array, true)
#5 /var/www/yii2/inscripciones/protected/controllers/SiteController.php(34): CController->render('index', Array)
#6 /var/www/yii2/framework/web/actions/CInlineAction.php(49): SiteController->actionIndex()
#7 /var/www/yii2/framework/web/CController.php(308): CInlineAction->runWithParams(Array)
#8 /var/www/yii2/framework/web/CController.php(286): CController->runAction(Object(CInlineAction))
#9 /var/www/yii2/framework/web/CController.php(265): CController->runActionWithFilters(Object(CInlineAction), Array)
#10 /var/www/yii2/framework/web/CWebApplication.php(282): CController->run('')
#11 /var/www/yii2/framework/web/CWebApplication.php(141): CWebApplication->runController('')
#12 /var/www/yii2/framework/base/CApplication.php(184): CWebApplication->processRequest()
#13 /var/www/yii2/inscripciones/index.php(13): CApplication->run()
#14 {main}
REQUEST_URI=/yii2/inscripciones/
---
2015/04/10 00:39:56 [error] [exception.CHttpException.404] exception 'CHttpException' with message 'The system is unable to find the requested action "images".' in /var/www/yii2/framework/web/CController.php:483
Stack trace:
#0 /var/www/yii2/framework/web/CController.php(270): CController->missingAction('images')
#1 /var/www/yii2/framework/web/CWebApplication.php(282): CController->run('images')
#2 /var/www/yii2/framework/web/CWebApplication.php(141): CWebApplication->runController('site/images/log...')
#3 /var/www/yii2/framework/base/CApplication.php(184): CWebApplication->processRequest()
#4 /var/www/yii2/inscripciones/index.php(13): CApplication->run()
#5 {main}
REQUEST_URI=/yii2/inscripciones/index.php/site/images/logo-bellatrix.png
HTTP_REFERER=http://localhost/yii2/inscripciones/index.php/site/index
---
2015/04/10 00:39:56 [error] [exception.CHttpException.404] exception 'CHttpException' with message 'The system is unable to find the requested action "images".' in /var/www/yii2/framework/web/CController.php:483
Stack trace:
#0 /var/www/yii2/framework/web/CController.php(270): CController->missingAction('images')
#1 /var/www/yii2/framework/web/CWebApplication.php(282): CController->run('images')
#2 /var/www/yii2/framework/web/CWebApplication.php(141): CWebApplication->runController('site/images/fot...')
#3 /var/www/yii2/framework/base/CApplication.php(184): CWebApplication->processRequest()
#4 /var/www/yii2/inscripciones/index.php(13): CApplication->run()
#5 {main}
REQUEST_URI=/yii2/inscripciones/index.php/site/images/foto_sede1.jpg
HTTP_REFERER=http://localhost/yii2/inscripciones/index.php/site/index
---
2015/04/10 00:40:01 [error] [exception.CHttpException.404] exception 'CHttpException' with message 'The system is unable to find the requested action "images".' in /var/www/yii2/framework/web/CController.php:483
Stack trace:
#0 /var/www/yii2/framework/web/CController.php(270): CController->missingAction('images')
#1 /var/www/yii2/framework/web/CWebApplication.php(282): CController->run('images')
#2 /var/www/yii2/framework/web/CWebApplication.php(141): CWebApplication->runController('site/images/log...')
#3 /var/www/yii2/framework/base/CApplication.php(184): CWebApplication->processRequest()
#4 /var/www/yii2/inscripciones/index.php(13): CApplication->run()
#5 {main}
REQUEST_URI=/yii2/inscripciones/index.php/site/images/logo-bellatrix.png
HTTP_REFERER=http://localhost/yii2/inscripciones/index.php/site/index
---
2015/04/10 00:40:01 [error] [exception.CHttpException.404] exception 'CHttpException' with message 'The system is unable to find the requested action "images".' in /var/www/yii2/framework/web/CController.php:483
Stack trace:
#0 /var/www/yii2/framework/web/CController.php(270): CController->missingAction('images')
#1 /var/www/yii2/framework/web/CWebApplication.php(282): CController->run('images')
#2 /var/www/yii2/framework/web/CWebApplication.php(141): CWebApplication->runController('site/images/fot...')
#3 /var/www/yii2/framework/base/CApplication.php(184): CWebApplication->processRequest()
#4 /var/www/yii2/inscripciones/index.php(13): CApplication->run()
#5 {main}
REQUEST_URI=/yii2/inscripciones/index.php/site/images/foto_sede1.jpg
HTTP_REFERER=http://localhost/yii2/inscripciones/index.php/site/index
---
2015/04/10 00:40:20 [error] [exception.CHttpException.404] exception 'CHttpException' with message 'The system is unable to find the requested action "images".' in /var/www/yii2/framework/web/CController.php:483
Stack trace:
#0 /var/www/yii2/framework/web/CController.php(270): CController->missingAction('images')
#1 /var/www/yii2/framework/web/CWebApplication.php(282): CController->run('images')
#2 /var/www/yii2/framework/web/CWebApplication.php(141): CWebApplication->runController('site/images/log...')
#3 /var/www/yii2/framework/base/CApplication.php(184): CWebApplication->processRequest()
#4 /var/www/yii2/inscripciones/index.php(13): CApplication->run()
#5 {main}
REQUEST_URI=/yii2/inscripciones/index.php/site/images/logo-bellatrix.png
HTTP_REFERER=http://localhost/yii2/inscripciones/index.php/site/index
---
2015/04/10 00:40:20 [error] [exception.CHttpException.404] exception 'CHttpException' with message 'The system is unable to find the requested action "images".' in /var/www/yii2/framework/web/CController.php:483
Stack trace:
#0 /var/www/yii2/framework/web/CController.php(270): CController->missingAction('images')
#1 /var/www/yii2/framework/web/CWebApplication.php(282): CController->run('images')
#2 /var/www/yii2/framework/web/CWebApplication.php(141): CWebApplication->runController('site/images/fot...')
#3 /var/www/yii2/framework/base/CApplication.php(184): CWebApplication->processRequest()
#4 /var/www/yii2/inscripciones/index.php(13): CApplication->run()
#5 {main}
REQUEST_URI=/yii2/inscripciones/index.php/site/images/foto_sede1.jpg
HTTP_REFERER=http://localhost/yii2/inscripciones/index.php/site/index
---
2015/04/10 00:49:09 [error] [exception.CHttpException.404] exception 'CHttpException' with message 'The system is unable to find the requested action "images".' in /var/www/yii2/framework/web/CController.php:483
Stack trace:
#0 /var/www/yii2/framework/web/CController.php(270): CController->missingAction('images')
#1 /var/www/yii2/framework/web/CWebApplication.php(282): CController->run('images')
#2 /var/www/yii2/framework/web/CWebApplication.php(141): CWebApplication->runController('site/images/log...')
#3 /var/www/yii2/framework/base/CApplication.php(184): CWebApplication->processRequest()
#4 /var/www/yii2/inscripciones/index.php(13): CApplication->run()
#5 {main}
REQUEST_URI=/yii2/inscripciones/site/images/logo-bellatrix.png
HTTP_REFERER=http://localhost/yii2/inscripciones/site/index.html
---
2015/04/10 00:49:09 [error] [exception.CHttpException.404] exception 'CHttpException' with message 'The system is unable to find the requested action "images".' in /var/www/yii2/framework/web/CController.php:483
Stack trace:
#0 /var/www/yii2/framework/web/CController.php(270): CController->missingAction('images')
#1 /var/www/yii2/framework/web/CWebApplication.php(282): CController->run('images')
#2 /var/www/yii2/framework/web/CWebApplication.php(141): CWebApplication->runController('site/images/fot...')
#3 /var/www/yii2/framework/base/CApplication.php(184): CWebApplication->processRequest()
#4 /var/www/yii2/inscripciones/index.php(13): CApplication->run()
#5 {main}
REQUEST_URI=/yii2/inscripciones/site/images/foto_sede1.jpg
HTTP_REFERER=http://localhost/yii2/inscripciones/site/index.html
---
2015/04/10 00:49:27 [error] [exception.CHttpException.404] exception 'CHttpException' with message 'The system is unable to find the requested action "images".' in /var/www/yii2/framework/web/CController.php:483
Stack trace:
#0 /var/www/yii2/framework/web/CController.php(270): CController->missingAction('images')
#1 /var/www/yii2/framework/web/CWebApplication.php(282): CController->run('images')
#2 /var/www/yii2/framework/web/CWebApplication.php(141): CWebApplication->runController('site/images/log...')
#3 /var/www/yii2/framework/base/CApplication.php(184): CWebApplication->processRequest()
#4 /var/www/yii2/inscripciones/index.php(13): CApplication->run()
#5 {main}
REQUEST_URI=/yii2/inscripciones/site/images/logo-bellatrix.png
HTTP_REFERER=http://localhost/yii2/inscripciones/site/index.html
---
2015/04/10 00:49:27 [error] [exception.CHttpException.404] exception 'CHttpException' with message 'The system is unable to find the requested action "images".' in /var/www/yii2/framework/web/CController.php:483
Stack trace:
#0 /var/www/yii2/framework/web/CController.php(270): CController->missingAction('images')
#1 /var/www/yii2/framework/web/CWebApplication.php(282): CController->run('images')
#2 /var/www/yii2/framework/web/CWebApplication.php(141): CWebApplication->runController('site/images/fot...')
#3 /var/www/yii2/framework/base/CApplication.php(184): CWebApplication->processRequest()
#4 /var/www/yii2/inscripciones/index.php(13): CApplication->run()
#5 {main}
REQUEST_URI=/yii2/inscripciones/site/images/foto_sede1.jpg
HTTP_REFERER=http://localhost/yii2/inscripciones/site/index.html
---
2015/04/10 00:49:29 [error] [exception.CHttpException.404] exception 'CHttpException' with message 'The system is unable to find the requested action "images".' in /var/www/yii2/framework/web/CController.php:483
Stack trace:
#0 /var/www/yii2/framework/web/CController.php(270): CController->missingAction('images')
#1 /var/www/yii2/framework/web/CWebApplication.php(282): CController->run('images')
#2 /var/www/yii2/framework/web/CWebApplication.php(141): CWebApplication->runController('site/images/log...')
#3 /var/www/yii2/framework/base/CApplication.php(184): CWebApplication->processRequest()
#4 /var/www/yii2/inscripciones/index.php(13): CApplication->run()
#5 {main}
REQUEST_URI=/yii2/inscripciones/site/images/logo-bellatrix.png
HTTP_REFERER=http://localhost/yii2/inscripciones/site/index.html
---
2015/04/10 00:49:29 [error] [exception.CHttpException.404] exception 'CHttpException' with message 'The system is unable to find the requested action "images".' in /var/www/yii2/framework/web/CController.php:483
Stack trace:
#0 /var/www/yii2/framework/web/CController.php(270): CController->missingAction('images')
#1 /var/www/yii2/framework/web/CWebApplication.php(282): CController->run('images')
#2 /var/www/yii2/framework/web/CWebApplication.php(141): CWebApplication->runController('site/images/fot...')
#3 /var/www/yii2/framework/base/CApplication.php(184): CWebApplication->processRequest()
#4 /var/www/yii2/inscripciones/index.php(13): CApplication->run()
#5 {main}
REQUEST_URI=/yii2/inscripciones/site/images/foto_sede1.jpg
HTTP_REFERER=http://localhost/yii2/inscripciones/site/index.html
---
2015/04/10 00:50:05 [error] [exception.CHttpException.404] exception 'CHttpException' with message 'Unable to resolve the request "images/foto_sede1.jpg".' in /var/www/yii2/framework/web/CWebApplication.php:286
Stack trace:
#0 /var/www/yii2/framework/web/CWebApplication.php(141): CWebApplication->runController('images/foto_sed...')
#1 /var/www/yii2/framework/base/CApplication.php(184): CWebApplication->processRequest()
#2 /var/www/yii2/inscripciones/index.php(13): CApplication->run()
#3 {main}
REQUEST_URI=/yii2/inscripciones/images/foto_sede1.jpg
HTTP_REFERER=http://localhost/yii2/inscripciones/
---
2015/04/10 00:50:12 [error] [exception.CHttpException.404] exception 'CHttpException' with message 'Unable to resolve the request "images/foto_sede1.jpg".' in /var/www/yii2/framework/web/CWebApplication.php:286
Stack trace:
#0 /var/www/yii2/framework/web/CWebApplication.php(141): CWebApplication->runController('images/foto_sed...')
#1 /var/www/yii2/framework/base/CApplication.php(184): CWebApplication->processRequest()
#2 /var/www/yii2/inscripciones/index.php(13): CApplication->run()
#3 {main}
REQUEST_URI=/yii2/inscripciones/images/foto_sede1.jpg
HTTP_REFERER=http://localhost/yii2/inscripciones/
---
2015/04/10 00:50:45 [error] [exception.CHttpException.404] exception 'CHttpException' with message 'Unable to resolve the request "images/foto_sede1.jpg".' in /var/www/yii2/framework/web/CWebApplication.php:286
Stack trace:
#0 /var/www/yii2/framework/web/CWebApplication.php(141): CWebApplication->runController('images/foto_sed...')
#1 /var/www/yii2/framework/base/CApplication.php(184): CWebApplication->processRequest()
#2 /var/www/yii2/inscripciones/index.php(13): CApplication->run()
#3 {main}
REQUEST_URI=/yii2/inscripciones/images/foto_sede1.jpg
HTTP_REFERER=http://localhost/yii2/inscripciones/
---
2015/04/10 00:50:48 [error] [exception.CHttpException.404] exception 'CHttpException' with message 'The system is unable to find the requested action "images".' in /var/www/yii2/framework/web/CController.php:483
Stack trace:
#0 /var/www/yii2/framework/web/CController.php(270): CController->missingAction('images')
#1 /var/www/yii2/framework/web/CWebApplication.php(282): CController->run('images')
#2 /var/www/yii2/framework/web/CWebApplication.php(141): CWebApplication->runController('site/images/log...')
#3 /var/www/yii2/framework/base/CApplication.php(184): CWebApplication->processRequest()
#4 /var/www/yii2/inscripciones/index.php(13): CApplication->run()
#5 {main}
REQUEST_URI=/yii2/inscripciones/site/images/logo-bellatrix.png
HTTP_REFERER=http://localhost/yii2/inscripciones/site/index.html
---
2015/04/10 00:50:48 [error] [exception.CHttpException.404] exception 'CHttpException' with message 'The system is unable to find the requested action "images".' in /var/www/yii2/framework/web/CController.php:483
Stack trace:
#0 /var/www/yii2/framework/web/CController.php(270): CController->missingAction('images')
#1 /var/www/yii2/framework/web/CWebApplication.php(282): CController->run('images')
#2 /var/www/yii2/framework/web/CWebApplication.php(141): CWebApplication->runController('site/images/fot...')
#3 /var/www/yii2/framework/base/CApplication.php(184): CWebApplication->processRequest()
#4 /var/www/yii2/inscripciones/index.php(13): CApplication->run()
#5 {main}
REQUEST_URI=/yii2/inscripciones/site/images/foto_sede1.jpg
HTTP_REFERER=http://localhost/yii2/inscripciones/site/index.html
---
2015/04/10 00:50:55 [error] [exception.CHttpException.404] exception 'CHttpException' with message 'The system is unable to find the requested action "images".' in /var/www/yii2/framework/web/CController.php:483
Stack trace:
#0 /var/www/yii2/framework/web/CController.php(270): CController->missingAction('images')
#1 /var/www/yii2/framework/web/CWebApplication.php(282): CController->run('images')
#2 /var/www/yii2/framework/web/CWebApplication.php(141): CWebApplication->runController('site/images/log...')
#3 /var/www/yii2/framework/base/CApplication.php(184): CWebApplication->processRequest()
#4 /var/www/yii2/inscripciones/index.php(13): CApplication->run()
#5 {main}
REQUEST_URI=/yii2/inscripciones/site/images/logo-bellatrix.png
HTTP_REFERER=http://localhost/yii2/inscripciones/site/index.html
---
2015/04/10 00:50:55 [error] [exception.CHttpException.404] exception 'CHttpException' with message 'The system is unable to find the requested action "images".' in /var/www/yii2/framework/web/CController.php:483
Stack trace:
#0 /var/www/yii2/framework/web/CController.php(270): CController->missingAction('images')
#1 /var/www/yii2/framework/web/CWebApplication.php(282): CController->run('images')
#2 /var/www/yii2/framework/web/CWebApplication.php(141): CWebApplication->runController('site/images/fot...')
#3 /var/www/yii2/framework/base/CApplication.php(184): CWebApplication->processRequest()
#4 /var/www/yii2/inscripciones/index.php(13): CApplication->run()
#5 {main}
REQUEST_URI=/yii2/inscripciones/site/images/foto_sede1.jpg
HTTP_REFERER=http://localhost/yii2/inscripciones/site/index.html
---
2015/04/10 00:53:32 [error] [exception.CHttpException.404] exception 'CHttpException' with message 'The system is unable to find the requested action "images".' in /var/www/yii2/framework/web/CController.php:483
Stack trace:
#0 /var/www/yii2/framework/web/CController.php(270): CController->missingAction('images')
#1 /var/www/yii2/framework/web/CWebApplication.php(282): CController->run('images')
#2 /var/www/yii2/framework/web/CWebApplication.php(141): CWebApplication->runController('site/images/log...')
#3 /var/www/yii2/framework/base/CApplication.php(184): CWebApplication->processRequest()
#4 /var/www/yii2/inscripciones/index.php(13): CApplication->run()
#5 {main}
REQUEST_URI=/yii2/inscripciones/site/images/logo-bellatrix.png
HTTP_REFERER=http://localhost/yii2/inscripciones/site/index.html
---
2015/04/10 00:53:32 [error] [exception.CHttpException.404] exception 'CHttpException' with message 'The system is unable to find the requested action "images".' in /var/www/yii2/framework/web/CController.php:483
Stack trace:
#0 /var/www/yii2/framework/web/CController.php(270): CController->missingAction('images')
#1 /var/www/yii2/framework/web/CWebApplication.php(282): CController->run('images')
#2 /var/www/yii2/framework/web/CWebApplication.php(141): CWebApplication->runController('site/images/fot...')
#3 /var/www/yii2/framework/base/CApplication.php(184): CWebApplication->processRequest()
#4 /var/www/yii2/inscripciones/index.php(13): CApplication->run()
#5 {main}
REQUEST_URI=/yii2/inscripciones/site/images/foto_sede1.jpg
HTTP_REFERER=http://localhost/yii2/inscripciones/site/index.html
---
2015/04/10 00:58:21 [error] [exception.CHttpException.404] exception 'CHttpException' with message 'The system is unable to find the requested action "images".' in /var/www/yii2/framework/web/CController.php:483
Stack trace:
#0 /var/www/yii2/framework/web/CController.php(270): CController->missingAction('images')
#1 /var/www/yii2/framework/web/CWebApplication.php(282): CController->run('images')
#2 /var/www/yii2/framework/web/CWebApplication.php(141): CWebApplication->runController('site/images/log...')
#3 /var/www/yii2/framework/base/CApplication.php(184): CWebApplication->processRequest()
#4 /var/www/yii2/inscripciones/index.php(13): CApplication->run()
#5 {main}
REQUEST_URI=/yii2/inscripciones/site/images/logo-bellatrix.png
HTTP_REFERER=http://localhost/yii2/inscripciones/site/index.html
---
2015/04/10 00:58:21 [error] [exception.CHttpException.404] exception 'CHttpException' with message 'The system is unable to find the requested action "images".' in /var/www/yii2/framework/web/CController.php:483
Stack trace:
#0 /var/www/yii2/framework/web/CController.php(270): CController->missingAction('images')
#1 /var/www/yii2/framework/web/CWebApplication.php(282): CController->run('images')
#2 /var/www/yii2/framework/web/CWebApplication.php(141): CWebApplication->runController('site/images/fot...')
#3 /var/www/yii2/framework/base/CApplication.php(184): CWebApplication->processRequest()
#4 /var/www/yii2/inscripciones/index.php(13): CApplication->run()
#5 {main}
REQUEST_URI=/yii2/inscripciones/site/images/foto_sede1.jpg
HTTP_REFERER=http://localhost/yii2/inscripciones/site/index.html
---
2015/04/10 00:58:25 [error] [exception.CHttpException.404] exception 'CHttpException' with message 'The system is unable to find the requested action "images".' in /var/www/yii2/framework/web/CController.php:483
Stack trace:
#0 /var/www/yii2/framework/web/CController.php(270): CController->missingAction('images')
#1 /var/www/yii2/framework/web/CWebApplication.php(282): CController->run('images')
#2 /var/www/yii2/framework/web/CWebApplication.php(141): CWebApplication->runController('site/images/log...')
#3 /var/www/yii2/framework/base/CApplication.php(184): CWebApplication->processRequest()
#4 /var/www/yii2/inscripciones/index.php(13): CApplication->run()
#5 {main}
REQUEST_URI=/yii2/inscripciones/site/images/logo-bellatrix.png
HTTP_REFERER=http://localhost/yii2/inscripciones/site/index.html
---
2015/04/10 00:58:25 [error] [exception.CHttpException.404] exception 'CHttpException' with message 'The system is unable to find the requested action "images".' in /var/www/yii2/framework/web/CController.php:483
Stack trace:
#0 /var/www/yii2/framework/web/CController.php(270): CController->missingAction('images')
#1 /var/www/yii2/framework/web/CWebApplication.php(282): CController->run('images')
#2 /var/www/yii2/framework/web/CWebApplication.php(141): CWebApplication->runController('site/images/fot...')
#3 /var/www/yii2/framework/base/CApplication.php(184): CWebApplication->processRequest()
#4 /var/www/yii2/inscripciones/index.php(13): CApplication->run()
#5 {main}
REQUEST_URI=/yii2/inscripciones/site/images/foto_sede1.jpg
HTTP_REFERER=http://localhost/yii2/inscripciones/site/index.html
---
2015/04/10 00:58:27 [error] [exception.CHttpException.404] exception 'CHttpException' with message 'The system is unable to find the requested action "images".' in /var/www/yii2/framework/web/CController.php:483
Stack trace:
#0 /var/www/yii2/framework/web/CController.php(270): CController->missingAction('images')
#1 /var/www/yii2/framework/web/CWebApplication.php(282): CController->run('images')
#2 /var/www/yii2/framework/web/CWebApplication.php(141): CWebApplication->runController('site/images/log...')
#3 /var/www/yii2/framework/base/CApplication.php(184): CWebApplication->processRequest()
#4 /var/www/yii2/inscripciones/index.php(13): CApplication->run()
#5 {main}
REQUEST_URI=/yii2/inscripciones/site/images/logo-bellatrix.png
HTTP_REFERER=http://localhost/yii2/inscripciones/site/index.html
---
2015/04/10 00:58:27 [error] [exception.CHttpException.404] exception 'CHttpException' with message 'The system is unable to find the requested action "images".' in /var/www/yii2/framework/web/CController.php:483
Stack trace:
#0 /var/www/yii2/framework/web/CController.php(270): CController->missingAction('images')
#1 /var/www/yii2/framework/web/CWebApplication.php(282): CController->run('images')
#2 /var/www/yii2/framework/web/CWebApplication.php(141): CWebApplication->runController('site/images/fot...')
#3 /var/www/yii2/framework/base/CApplication.php(184): CWebApplication->processRequest()
#4 /var/www/yii2/inscripciones/index.php(13): CApplication->run()
#5 {main}
REQUEST_URI=/yii2/inscripciones/site/images/foto_sede1.jpg
HTTP_REFERER=http://localhost/yii2/inscripciones/site/index.html
---
2015/04/10 00:59:44 [error] [exception.CHttpException.404] exception 'CHttpException' with message 'The system is unable to find the requested action "images".' in /var/www/yii2/framework/web/CController.php:483
Stack trace:
#0 /var/www/yii2/framework/web/CController.php(270): CController->missingAction('images')
#1 /var/www/yii2/framework/web/CWebApplication.php(282): CController->run('images')
#2 /var/www/yii2/framework/web/CWebApplication.php(141): CWebApplication->runController('site/images/fot...')
#3 /var/www/yii2/framework/base/CApplication.php(184): CWebApplication->processRequest()
#4 /var/www/yii2/inscripciones/index.php(13): CApplication->run()
#5 {main}
REQUEST_URI=/yii2/inscripciones/site/images/foto_sede1.jpg
HTTP_REFERER=http://localhost/yii2/inscripciones/site/index.html
---
2015/04/10 00:59:48 [error] [exception.CHttpException.404] exception 'CHttpException' with message 'The system is unable to find the requested action "images".' in /var/www/yii2/framework/web/CController.php:483
Stack trace:
#0 /var/www/yii2/framework/web/CController.php(270): CController->missingAction('images')
#1 /var/www/yii2/framework/web/CWebApplication.php(282): CController->run('images')
#2 /var/www/yii2/framework/web/CWebApplication.php(141): CWebApplication->runController('site/images/fot...')
#3 /var/www/yii2/framework/base/CApplication.php(184): CWebApplication->processRequest()
#4 /var/www/yii2/inscripciones/index.php(13): CApplication->run()
#5 {main}
REQUEST_URI=/yii2/inscripciones/site/images/foto_sede1.jpg
HTTP_REFERER=http://localhost/yii2/inscripciones/site/index.html
---
2015/04/10 01:00:54 [error] [exception.CHttpException.404] exception 'CHttpException' with message 'The system is unable to find the requested action "images".' in /var/www/yii2/framework/web/CController.php:483
Stack trace:
#0 /var/www/yii2/framework/web/CController.php(270): CController->missingAction('images')
#1 /var/www/yii2/framework/web/CWebApplication.php(282): CController->run('images')
#2 /var/www/yii2/framework/web/CWebApplication.php(141): CWebApplication->runController('site/images/log...')
#3 /var/www/yii2/framework/base/CApplication.php(184): CWebApplication->processRequest()
#4 /var/www/yii2/inscripciones/index.php(13): CApplication->run()
#5 {main}
REQUEST_URI=/yii2/inscripciones/site/images/logo-bellatrix.png
HTTP_REFERER=http://localhost/yii2/inscripciones/site/index.html
---
2015/04/10 01:00:54 [error] [exception.CHttpException.404] exception 'CHttpException' with message 'The system is unable to find the requested action "images".' in /var/www/yii2/framework/web/CController.php:483
Stack trace:
#0 /var/www/yii2/framework/web/CController.php(270): CController->missingAction('images')
#1 /var/www/yii2/framework/web/CWebApplication.php(282): CController->run('images')
#2 /var/www/yii2/framework/web/CWebApplication.php(141): CWebApplication->runController('site/images/fot...')
#3 /var/www/yii2/framework/base/CApplication.php(184): CWebApplication->processRequest()
#4 /var/www/yii2/inscripciones/index.php(13): CApplication->run()
#5 {main}
REQUEST_URI=/yii2/inscripciones/site/images/foto_sede1.jpg
HTTP_REFERER=http://localhost/yii2/inscripciones/site/index.html
---
2015/04/10 01:01:57 [error] [exception.CHttpException.404] exception 'CHttpException' with message 'The system is unable to find the requested action "images".' in /var/www/yii2/framework/web/CController.php:483
Stack trace:
#0 /var/www/yii2/framework/web/CController.php(270): CController->missingAction('images')
#1 /var/www/yii2/framework/web/CWebApplication.php(282): CController->run('images')
#2 /var/www/yii2/framework/web/CWebApplication.php(141): CWebApplication->runController('site/images/fot...')
#3 /var/www/yii2/framework/base/CApplication.php(184): CWebApplication->processRequest()
#4 /var/www/yii2/inscripciones/index.php(13): CApplication->run()
#5 {main}
REQUEST_URI=/yii2/inscripciones/site/images/foto_sede1.jpg
HTTP_REFERER=http://localhost/yii2/inscripciones/site/index.html
---
2015/04/10 01:02:18 [error] [exception.CHttpException.404] exception 'CHttpException' with message 'The system is unable to find the requested action "images".' in /var/www/yii2/framework/web/CController.php:483
Stack trace:
#0 /var/www/yii2/framework/web/CController.php(270): CController->missingAction('images')
#1 /var/www/yii2/framework/web/CWebApplication.php(282): CController->run('images')
#2 /var/www/yii2/framework/web/CWebApplication.php(141): CWebApplication->runController('site/images/fot...')
#3 /var/www/yii2/framework/base/CApplication.php(184): CWebApplication->processRequest()
#4 /var/www/yii2/inscripciones/index.php(13): CApplication->run()
#5 {main}
REQUEST_URI=/yii2/inscripciones/site/images/foto_sede1.jpg
HTTP_REFERER=http://localhost/yii2/inscripciones/site/index.html
---
2015/04/10 01:02:18 [error] [exception.CHttpException.404] exception 'CHttpException' with message 'The system is unable to find the requested action "inscripciones".' in /var/www/yii2/framework/web/CController.php:483
Stack trace:
#0 /var/www/yii2/framework/web/CController.php(270): CController->missingAction('inscripciones')
#1 /var/www/yii2/framework/web/CWebApplication.php(282): CController->run('inscripciones')
#2 /var/www/yii2/framework/web/CWebApplication.php(141): CWebApplication->runController('site/inscripcio...')
#3 /var/www/yii2/framework/base/CApplication.php(184): CWebApplication->processRequest()
#4 /var/www/yii2/inscripciones/index.php(13): CApplication->run()
#5 {main}
REQUEST_URI=/yii2/inscripciones/site/inscripciones/images/logo-bellatrix.png
HTTP_REFERER=http://localhost/yii2/inscripciones/site/index.html
---
2015/04/10 01:02:25 [error] [exception.CHttpException.404] exception 'CHttpException' with message 'The system is unable to find the requested action "inscripciones".' in /var/www/yii2/framework/web/CController.php:483
Stack trace:
#0 /var/www/yii2/framework/web/CController.php(270): CController->missingAction('inscripciones')
#1 /var/www/yii2/framework/web/CWebApplication.php(282): CController->run('inscripciones')
#2 /var/www/yii2/framework/web/CWebApplication.php(141): CWebApplication->runController('site/inscripcio...')
#3 /var/www/yii2/framework/base/CApplication.php(184): CWebApplication->processRequest()
#4 /var/www/yii2/inscripciones/index.php(13): CApplication->run()
#5 {main}
REQUEST_URI=/yii2/inscripciones/site/inscripciones/images/logo-bellatrix.png
HTTP_REFERER=http://localhost/yii2/inscripciones/site/index.html
---
2015/04/10 01:02:25 [error] [exception.CHttpException.404] exception 'CHttpException' with message 'The system is unable to find the requested action "images".' in /var/www/yii2/framework/web/CController.php:483
Stack trace:
#0 /var/www/yii2/framework/web/CController.php(270): CController->missingAction('images')
#1 /var/www/yii2/framework/web/CWebApplication.php(282): CController->run('images')
#2 /var/www/yii2/framework/web/CWebApplication.php(141): CWebApplication->runController('site/images/fot...')
#3 /var/www/yii2/framework/base/CApplication.php(184): CWebApplication->processRequest()
#4 /var/www/yii2/inscripciones/index.php(13): CApplication->run()
#5 {main}
REQUEST_URI=/yii2/inscripciones/site/images/foto_sede1.jpg
HTTP_REFERER=http://localhost/yii2/inscripciones/site/index.html
---
2015/04/10 01:02:58 [error] [exception.CHttpException.404] exception 'CHttpException' with message 'The system is unable to find the requested action "images".' in /var/www/yii2/framework/web/CController.php:483
Stack trace:
#0 /var/www/yii2/framework/web/CController.php(270): CController->missingAction('images')
#1 /var/www/yii2/framework/web/CWebApplication.php(282): CController->run('images')
#2 /var/www/yii2/framework/web/CWebApplication.php(141): CWebApplication->runController('site/images/fot...')
#3 /var/www/yii2/framework/base/CApplication.php(184): CWebApplication->processRequest()
#4 /var/www/yii2/inscripciones/index.php(13): CApplication->run()
#5 {main}
REQUEST_URI=/yii2/inscripciones/site/images/foto_sede1.jpg
HTTP_REFERER=http://localhost/yii2/inscripciones/site/index.html
---
2015/04/10 01:03:21 [error] [exception.CHttpException.404] exception 'CHttpException' with message 'The system is unable to find the requested action "images".' in /var/www/yii2/framework/web/CController.php:483
Stack trace:
#0 /var/www/yii2/framework/web/CController.php(270): CController->missingAction('images')
#1 /var/www/yii2/framework/web/CWebApplication.php(282): CController->run('images')
#2 /var/www/yii2/framework/web/CWebApplication.php(141): CWebApplication->runController('site/images/fot...')
#3 /var/www/yii2/framework/base/CApplication.php(184): CWebApplication->processRequest()
#4 /var/www/yii2/inscripciones/index.php(13): CApplication->run()
#5 {main}
REQUEST_URI=/yii2/inscripciones/site/images/foto_sede1.jpg
HTTP_REFERER=http://localhost/yii2/inscripciones/site/index.html
---
2015/04/10 01:03:31 [error] [exception.CHttpException.404] exception 'CHttpException' with message 'Unable to resolve the request "images/foto_sede1.jpg".' in /var/www/yii2/framework/web/CWebApplication.php:286
Stack trace:
#0 /var/www/yii2/framework/web/CWebApplication.php(141): CWebApplication->runController('images/foto_sed...')
#1 /var/www/yii2/framework/base/CApplication.php(184): CWebApplication->processRequest()
#2 /var/www/yii2/inscripciones/index.php(13): CApplication->run()
#3 {main}
REQUEST_URI=/yii2/inscripciones/images/foto_sede1.jpg
HTTP_REFERER=http://localhost/yii2/inscripciones/
---
2015/04/10 01:03:37 [error] [exception.CHttpException.404] exception 'CHttpException' with message 'The system is unable to find the requested action "images".' in /var/www/yii2/framework/web/CController.php:483
Stack trace:
#0 /var/www/yii2/framework/web/CController.php(270): CController->missingAction('images')
#1 /var/www/yii2/framework/web/CWebApplication.php(282): CController->run('images')
#2 /var/www/yii2/framework/web/CWebApplication.php(141): CWebApplication->runController('site/images/fot...')
#3 /var/www/yii2/framework/base/CApplication.php(184): CWebApplication->processRequest()
#4 /var/www/yii2/inscripciones/index.php(13): CApplication->run()
#5 {main}
REQUEST_URI=/yii2/inscripciones/site/images/foto_sede1.jpg
HTTP_REFERER=http://localhost/yii2/inscripciones/site/index.html
---
2015/04/10 01:03:45 [error] [exception.CHttpException.404] exception 'CHttpException' with message 'The system is unable to find the requested action "images".' in /var/www/yii2/framework/web/CController.php:483
Stack trace:
#0 /var/www/yii2/framework/web/CController.php(270): CController->missingAction('images')
#1 /var/www/yii2/framework/web/CWebApplication.php(282): CController->run('images')
#2 /var/www/yii2/framework/web/CWebApplication.php(141): CWebApplication->runController('site/images/fot...')
#3 /var/www/yii2/framework/base/CApplication.php(184): CWebApplication->processRequest()
#4 /var/www/yii2/inscripciones/index.php(13): CApplication->run()
#5 {main}
REQUEST_URI=/yii2/inscripciones/site/images/foto_sede1.jpg
HTTP_REFERER=http://localhost/yii2/inscripciones/site/index.html
---
2015/04/10 01:03:59 [error] [exception.CHttpException.404] exception 'CHttpException' with message 'Unable to resolve the request "images/foto_sede1.jpg".' in /var/www/yii2/framework/web/CWebApplication.php:286
Stack trace:
#0 /var/www/yii2/framework/web/CWebApplication.php(141): CWebApplication->runController('images/foto_sed...')
#1 /var/www/yii2/framework/base/CApplication.php(184): CWebApplication->processRequest()
#2 /var/www/yii2/inscripciones/index.php(13): CApplication->run()
#3 {main}
REQUEST_URI=/yii2/inscripciones/images/foto_sede1.jpg
HTTP_REFERER=http://localhost/yii2/inscripciones/site/index.html
---
2015/04/10 01:04:14 [error] [exception.CHttpException.404] exception 'CHttpException' with message 'Unable to resolve the request "images/foto_sede1.jpg".' in /var/www/yii2/framework/web/CWebApplication.php:286
Stack trace:
#0 /var/www/yii2/framework/web/CWebApplication.php(141): CWebApplication->runController('images/foto_sed...')
#1 /var/www/yii2/framework/base/CApplication.php(184): CWebApplication->processRequest()
#2 /var/www/yii2/inscripciones/index.php(13): CApplication->run()
#3 {main}
REQUEST_URI=/yii2/inscripciones/images/foto_sede1.jpg
HTTP_REFERER=http://localhost/yii2/inscripciones/site/index.html
---
2015/04/10 01:12:44 [error] [exception.CHttpException.404] exception 'CHttpException' with message 'The system is unable to find the requested action "images".' in /var/www/yii2/framework/web/CController.php:483
Stack trace:
#0 /var/www/yii2/framework/web/CController.php(270): CController->missingAction('images')
#1 /var/www/yii2/framework/web/CWebApplication.php(282): CController->run('images')
#2 /var/www/yii2/framework/web/CWebApplication.php(141): CWebApplication->runController('site/images/log...')
#3 /var/www/yii2/framework/base/CApplication.php(184): CWebApplication->processRequest()
#4 /var/www/yii2/inscripciones/index.php(13): CApplication->run()
#5 {main}
REQUEST_URI=/yii2/inscripciones/site/images/logo-bellatrix.png
HTTP_REFERER=http://localhost/yii2/inscripciones/site/index
---
2015/04/10 01:12:44 [error] [exception.CHttpException.404] exception 'CHttpException' with message 'The system is unable to find the requested action "images".' in /var/www/yii2/framework/web/CController.php:483
Stack trace:
#0 /var/www/yii2/framework/web/CController.php(270): CController->missingAction('images')
#1 /var/www/yii2/framework/web/CWebApplication.php(282): CController->run('images')
#2 /var/www/yii2/framework/web/CWebApplication.php(141): CWebApplication->runController('site/images/fot...')
#3 /var/www/yii2/framework/base/CApplication.php(184): CWebApplication->processRequest()
#4 /var/www/yii2/inscripciones/index.php(13): CApplication->run()
#5 {main}
REQUEST_URI=/yii2/inscripciones/site/images/foto_sede1.jpg
HTTP_REFERER=http://localhost/yii2/inscripciones/site/index
---
2015/04/10 01:14:26 [error] [exception.CHttpException.404] exception 'CHttpException' with message 'The system is unable to find the requested action "images".' in /var/www/yii2/framework/web/CController.php:483
Stack trace:
#0 /var/www/yii2/framework/web/CController.php(270): CController->missingAction('images')
#1 /var/www/yii2/framework/web/CWebApplication.php(282): CController->run('images')
#2 /var/www/yii2/framework/web/CWebApplication.php(141): CWebApplication->runController('site/images/fot...')
#3 /var/www/yii2/framework/base/CApplication.php(184): CWebApplication->processRequest()
#4 /var/www/yii2/inscripciones/index.php(13): CApplication->run()
#5 {main}
REQUEST_URI=/yii2/inscripciones/site/images/foto_sede1.jpg
HTTP_REFERER=http://localhost/yii2/inscripciones/site/index
---
2015/04/10 01:15:23 [error] [exception.CHttpException.404] exception 'CHttpException' with message 'The system is unable to find the requested action "images".' in /var/www/yii2/framework/web/CController.php:483
Stack trace:
#0 /var/www/yii2/framework/web/CController.php(270): CController->missingAction('images')
#1 /var/www/yii2/framework/web/CWebApplication.php(282): CController->run('images')
#2 /var/www/yii2/framework/web/CWebApplication.php(141): CWebApplication->runController('site/images/fot...')
#3 /var/www/yii2/framework/base/CApplication.php(184): CWebApplication->processRequest()
#4 /var/www/yii2/inscripciones/index.php(13): CApplication->run()
#5 {main}
REQUEST_URI=/yii2/inscripciones/site/images/foto_sede1.jpg
HTTP_REFERER=http://localhost/yii2/inscripciones/site/index
---
2015/04/10 01:15:36 [error] [exception.CHttpException.404] exception 'CHttpException' with message 'The system is unable to find the requested action "images".' in /var/www/yii2/framework/web/CController.php:483
Stack trace:
#0 /var/www/yii2/framework/web/CController.php(270): CController->missingAction('images')
#1 /var/www/yii2/framework/web/CWebApplication.php(282): CController->run('images')
#2 /var/www/yii2/framework/web/CWebApplication.php(141): CWebApplication->runController('site/images/fot...')
#3 /var/www/yii2/framework/base/CApplication.php(184): CWebApplication->processRequest()
#4 /var/www/yii2/inscripciones/index.php(13): CApplication->run()
#5 {main}
REQUEST_URI=/yii2/inscripciones/site/images/foto_sede1.jpg
HTTP_REFERER=http://localhost/yii2/inscripciones/site/index
---
2015/04/10 01:16:01 [error] [exception.CHttpException.404] exception 'CHttpException' with message 'The system is unable to find the requested action "images".' in /var/www/yii2/framework/web/CController.php:483
Stack trace:
#0 /var/www/yii2/framework/web/CController.php(270): CController->missingAction('images')
#1 /var/www/yii2/framework/web/CWebApplication.php(282): CController->run('images')
#2 /var/www/yii2/framework/web/CWebApplication.php(141): CWebApplication->runController('site/images/fot...')
#3 /var/www/yii2/framework/base/CApplication.php(184): CWebApplication->processRequest()
#4 /var/www/yii2/inscripciones/index.php(13): CApplication->run()
#5 {main}
REQUEST_URI=/yii2/inscripciones/site/images/foto_sede1.jpg
HTTP_REFERER=http://localhost/yii2/inscripciones/site/index
---
2015/04/10 01:18:25 [error] [exception.CHttpException.404] exception 'CHttpException' with message 'The system is unable to find the requested action "images".' in /var/www/yii2/framework/web/CController.php:483
Stack trace:
#0 /var/www/yii2/framework/web/CController.php(270): CController->missingAction('images')
#1 /var/www/yii2/framework/web/CWebApplication.php(282): CController->run('images')
#2 /var/www/yii2/framework/web/CWebApplication.php(141): CWebApplication->runController('site/images/log...')
#3 /var/www/yii2/framework/base/CApplication.php(184): CWebApplication->processRequest()
#4 /var/www/yii2/inscripciones/index.php(13): CApplication->run()
#5 {main}
REQUEST_URI=/yii2/inscripciones/site/images/logo-bellatrix.png
HTTP_REFERER=http://localhost/yii2/inscripciones/site/index
---
2015/04/10 01:18:25 [error] [exception.CHttpException.404] exception 'CHttpException' with message 'The system is unable to find the requested action "images".' in /var/www/yii2/framework/web/CController.php:483
Stack trace:
#0 /var/www/yii2/framework/web/CController.php(270): CController->missingAction('images')
#1 /var/www/yii2/framework/web/CWebApplication.php(282): CController->run('images')
#2 /var/www/yii2/framework/web/CWebApplication.php(141): CWebApplication->runController('site/images/fot...')
#3 /var/www/yii2/framework/base/CApplication.php(184): CWebApplication->processRequest()
#4 /var/www/yii2/inscripciones/index.php(13): CApplication->run()
#5 {main}
REQUEST_URI=/yii2/inscripciones/site/images/foto_sede1.jpg
HTTP_REFERER=http://localhost/yii2/inscripciones/site/index
---
2015/04/10 01:20:52 [error] [php] Undefined variable: basePath (/var/www/yii2/inscripciones/protected/controllers/SiteController.php:34)
Stack trace:
#0 /var/www/yii2/framework/web/CController.php(286): SiteController->runAction()
#1 /var/www/yii2/framework/web/CController.php(265): SiteController->runActionWithFilters()
#2 /var/www/yii2/framework/web/CWebApplication.php(282): SiteController->run()
#3 /var/www/yii2/framework/web/CWebApplication.php(141): CWebApplication->runController()
#4 /var/www/yii2/framework/base/CApplication.php(184): CWebApplication->processRequest()
#5 /var/www/yii2/inscripciones/index.php(13): CWebApplication->run()
REQUEST_URI=/yii2/inscripciones/site/index
in /var/www/yii2/inscripciones/protected/controllers/SiteController.php (34)
in /var/www/yii2/inscripciones/index.php (13)
2015/04/10 01:21:49 [error] [exception.CException] exception 'CException' with message 'Property "SiteController.basePath" is not defined.' in /var/www/yii2/framework/base/CComponent.php:130
Stack trace:
#0 /var/www/yii2/inscripciones/protected/controllers/SiteController.php(34): CComponent->__get('basePath')
#1 /var/www/yii2/framework/web/actions/CInlineAction.php(49): SiteController->actionIndex()
#2 /var/www/yii2/framework/web/CController.php(308): CInlineAction->runWithParams(Array)
#3 /var/www/yii2/framework/web/CController.php(286): CController->runAction(Object(CInlineAction))
#4 /var/www/yii2/framework/web/CController.php(265): CController->runActionWithFilters(Object(CInlineAction), Array)
#5 /var/www/yii2/framework/web/CWebApplication.php(282): CController->run('index')
#6 /var/www/yii2/framework/web/CWebApplication.php(141): CWebApplication->runController('site/index')
#7 /var/www/yii2/framework/base/CApplication.php(184): CWebApplication->processRequest()
#8 /var/www/yii2/inscripciones/index.php(13): CApplication->run()
#9 {main}
REQUEST_URI=/yii2/inscripciones/site/index
---
2015/04/10 01:22:40 [error] [exception.CHttpException.404] exception 'CHttpException' with message 'The system is unable to find the requested action "images".' in /var/www/yii2/framework/web/CController.php:483
Stack trace:
#0 /var/www/yii2/framework/web/CController.php(270): CController->missingAction('images')
#1 /var/www/yii2/framework/web/CWebApplication.php(282): CController->run('images')
#2 /var/www/yii2/framework/web/CWebApplication.php(141): CWebApplication->runController('site/images/fot...')
#3 /var/www/yii2/framework/base/CApplication.php(184): CWebApplication->processRequest()
#4 /var/www/yii2/inscripciones/index.php(13): CApplication->run()
#5 {main}
REQUEST_URI=/yii2/inscripciones/site/images/foto_sede1.jpg
HTTP_REFERER=http://localhost/yii2/inscripciones/site/index
---
2015/04/10 01:23:22 [error] [exception.CHttpException.404] exception 'CHttpException' with message 'The system is unable to find the requested action "images".' in /var/www/yii2/framework/web/CController.php:483
Stack trace:
#0 /var/www/yii2/framework/web/CController.php(270): CController->missingAction('images')
#1 /var/www/yii2/framework/web/CWebApplication.php(282): CController->run('images')
#2 /var/www/yii2/framework/web/CWebApplication.php(141): CWebApplication->runController('site/images/log...')
#3 /var/www/yii2/framework/base/CApplication.php(184): CWebApplication->processRequest()
#4 /var/www/yii2/inscripciones/index.php(13): CApplication->run()
#5 {main}
REQUEST_URI=/yii2/inscripciones/site/images/logo-bellatrix.png
HTTP_REFERER=http://localhost/yii2/inscripciones/site/index
---
2015/04/10 01:23:22 [error] [exception.CHttpException.404] exception 'CHttpException' with message 'The system is unable to find the requested action "images".' in /var/www/yii2/framework/web/CController.php:483
Stack trace:
#0 /var/www/yii2/framework/web/CController.php(270): CController->missingAction('images')
#1 /var/www/yii2/framework/web/CWebApplication.php(282): CController->run('images')
#2 /var/www/yii2/framework/web/CWebApplication.php(141): CWebApplication->runController('site/images/fot...')
#3 /var/www/yii2/framework/base/CApplication.php(184): CWebApplication->processRequest()
#4 /var/www/yii2/inscripciones/index.php(13): CApplication->run()
#5 {main}
REQUEST_URI=/yii2/inscripciones/site/images/foto_sede1.jpg
HTTP_REFERER=http://localhost/yii2/inscripciones/site/index
---
2015/04/10 01:24:04 [error] [php] Undefined variable: basePath (/var/www/yii2/inscripciones/themes/chame_blue/views/site/index.php:12)
Stack trace:
#0 /var/www/yii2/framework/web/CController.php(869): SiteController->renderFile()
#1 /var/www/yii2/framework/web/CController.php(782): SiteController->renderPartial()
#2 /var/www/yii2/inscripciones/protected/controllers/SiteController.php(35): SiteController->render()
#3 /var/www/yii2/framework/web/actions/CInlineAction.php(49): SiteController->actionIndex()
#4 /var/www/yii2/framework/web/CController.php(308): CInlineAction->runWithParams()
#5 /var/www/yii2/framework/web/CController.php(286): SiteController->runAction()
#6 /var/www/yii2/framework/web/CController.php(265): SiteController->runActionWithFilters()
#7 /var/www/yii2/framework/web/CWebApplication.php(282): SiteController->run()
#8 /var/www/yii2/framework/web/CWebApplication.php(141): CWebApplication->runController()
#9 /var/www/yii2/framework/base/CApplication.php(184): CWebApplication->processRequest()
#10 /var/www/yii2/inscripciones/index.php(13): CWebApplication->run()
REQUEST_URI=/yii2/inscripciones/site/index
in /var/www/yii2/inscripciones/themes/chame_blue/views/site/index.php (12)
in /var/www/yii2/inscripciones/protected/controllers/SiteController.php (35)
in /var/www/yii2/inscripciones/index.php (13)
2015/04/10 01:24:15 [error] [exception.CHttpException.404] exception 'CHttpException' with message 'The system is unable to find the requested action "images".' in /var/www/yii2/framework/web/CController.php:483
Stack trace:
#0 /var/www/yii2/framework/web/CController.php(270): CController->missingAction('images')
#1 /var/www/yii2/framework/web/CWebApplication.php(282): CController->run('images')
#2 /var/www/yii2/framework/web/CWebApplication.php(141): CWebApplication->runController('site/images/fot...')
#3 /var/www/yii2/framework/base/CApplication.php(184): CWebApplication->processRequest()
#4 /var/www/yii2/inscripciones/index.php(13): CApplication->run()
#5 {main}
REQUEST_URI=/yii2/inscripciones/site/images/foto_sede1.jpg
HTTP_REFERER=http://localhost/yii2/inscripciones/site/index
---
2015/04/10 01:24:51 [error] [exception.CHttpException.404] exception 'CHttpException' with message 'The system is unable to find the requested action "images".' in /var/www/yii2/framework/web/CController.php:483
Stack trace:
#0 /var/www/yii2/framework/web/CController.php(270): CController->missingAction('images')
#1 /var/www/yii2/framework/web/CWebApplication.php(282): CController->run('images')
#2 /var/www/yii2/framework/web/CWebApplication.php(141): CWebApplication->runController('site/images/fot...')
#3 /var/www/yii2/framework/base/CApplication.php(184): CWebApplication->processRequest()
#4 /var/www/yii2/inscripciones/index.php(13): CApplication->run()
#5 {main}
REQUEST_URI=/yii2/inscripciones/site/images/foto_sede1.jpg
HTTP_REFERER=http://localhost/yii2/inscripciones/site/index
---
2015/04/10 01:25:09 [error] [exception.CHttpException.404] exception 'CHttpException' with message 'The system is unable to find the requested action "images".' in /var/www/yii2/framework/web/CController.php:483
Stack trace:
#0 /var/www/yii2/framework/web/CController.php(270): CController->missingAction('images')
#1 /var/www/yii2/framework/web/CWebApplication.php(282): CController->run('images')
#2 /var/www/yii2/framework/web/CWebApplication.php(141): CWebApplication->runController('site/images/fot...')
#3 /var/www/yii2/framework/base/CApplication.php(184): CWebApplication->processRequest()
#4 /var/www/yii2/inscripciones/index.php(13): CApplication->run()
#5 {main}
REQUEST_URI=/yii2/inscripciones/site/images/foto_sede1.jpg
HTTP_REFERER=http://localhost/yii2/inscripciones/site/index
---
2015/04/10 01:27:46 [error] [exception.CHttpException.404] exception 'CHttpException' with message 'The system is unable to find the requested action "images".' in /var/www/yii2/framework/web/CController.php:483
Stack trace:
#0 /var/www/yii2/framework/web/CController.php(270): CController->missingAction('images')
#1 /var/www/yii2/framework/web/CWebApplication.php(282): CController->run('images')
#2 /var/www/yii2/framework/web/CWebApplication.php(141): CWebApplication->runController('site/images/log...')
#3 /var/www/yii2/framework/base/CApplication.php(184): CWebApplication->processRequest()
#4 /var/www/yii2/inscripciones/index.php(13): CApplication->run()
#5 {main}
REQUEST_URI=/yii2/inscripciones/site/images/logo-bellatrix.png
HTTP_REFERER=http://localhost/yii2/inscripciones/site/index
---
2015/04/10 01:27:46 [error] [exception.CHttpException.404] exception 'CHttpException' with message 'The system is unable to find the requested action "images".' in /var/www/yii2/framework/web/CController.php:483
Stack trace:
#0 /var/www/yii2/framework/web/CController.php(270): CController->missingAction('images')
#1 /var/www/yii2/framework/web/CWebApplication.php(282): CController->run('images')
#2 /var/www/yii2/framework/web/CWebApplication.php(141): CWebApplication->runController('site/images/fot...')
#3 /var/www/yii2/framework/base/CApplication.php(184): CWebApplication->processRequest()
#4 /var/www/yii2/inscripciones/index.php(13): CApplication->run()
#5 {main}
REQUEST_URI=/yii2/inscripciones/site/images/foto_sede1.jpg
HTTP_REFERER=http://localhost/yii2/inscripciones/site/index
---
2015/04/10 01:54:29 [error] [system.db.CDbCommand] CDbCommand::fetchAll() failed: SQLSTATE[42S02]: Base table or view not found: 1146 Table 'inscripciones.AuthAssignment' doesn't exist. The SQL statement executed was: SELECT *
FROM `AuthAssignment`
WHERE userid=:userid.
in /var/www/yii2/inscripciones/index.php (13)
2015/04/10 01:54:29 [error] [exception.CDbException] exception 'CDbException' with message 'CDbCommand failed to execute the SQL statement: SQLSTATE[42S02]: Base table or view not found: 1146 Table 'inscripciones.AuthAssignment' doesn't exist. The SQL statement executed was: SELECT *
FROM `AuthAssignment`
WHERE userid=:userid' in /var/www/yii2/framework/db/CDbCommand.php:543
Stack trace:
#0 /var/www/yii2/framework/db/CDbCommand.php(396): CDbCommand->queryInternal('fetchAll', Array, Array)
#1 /var/www/yii2/framework/web/auth/CDbAuthManager.php(337): CDbCommand->queryAll()
#2 /var/www/yii2/framework/web/auth/CDbAuthManager.php(74): CDbAuthManager->getAuthAssignments(NULL)
#3 /var/www/yii2/framework/web/auth/CWebUser.php(815): CDbAuthManager->checkAccess('admin', NULL, Array)
#4 /var/www/yii2/framework/web/auth/CAccessControlFilter.php(346): CWebUser->checkAccess('admin')
#5 /var/www/yii2/framework/web/auth/CAccessControlFilter.php(284): CAccessRule->isRoleMatched(Object(CWebUser))
#6 /var/www/yii2/framework/web/auth/CAccessControlFilter.php(138): CAccessRule->isUserAllowed(Object(CWebUser), Object(UsersController), Object(CInlineAction), '::1', 'GET')
#7 /var/www/yii2/framework/web/filters/CFilter.php(38): CAccessControlFilter->preFilter(Object(CFilterChain))
#8 /var/www/yii2/framework/web/CController.php(1145): CFilter->filter(Object(CFilterChain))
#9 /var/www/yii2/framework/web/filters/CInlineFilter.php(58): CController->filterAccessControl(Object(CFilterChain))
#10 /var/www/yii2/framework/web/filters/CFilterChain.php(130): CInlineFilter->filter(Object(CFilterChain))
#11 /var/www/yii2/framework/web/CController.php(291): CFilterChain->run()
#12 /var/www/yii2/framework/web/CController.php(265): CController->runActionWithFilters(Object(CInlineAction), Array)
#13 /var/www/yii2/framework/web/CWebApplication.php(282): CController->run('admin')
#14 /var/www/yii2/framework/web/CWebApplication.php(141): CWebApplication->runController('users/admin')
#15 /var/www/yii2/framework/base/CApplication.php(184): CWebApplication->processRequest()
#16 /var/www/yii2/inscripciones/index.php(13): CApplication->run()
#17 {main}
REQUEST_URI=/yii2/inscripciones/users/admin.html
HTTP_REFERER=http://localhost/yii2/inscripciones/users.html
---
2015/04/10 01:54:51 [error] [system.db.CDbCommand] CDbCommand::fetchAll() failed: SQLSTATE[42S02]: Base table or view not found: 1146 Table 'inscripciones.AuthAssignment' doesn't exist. The SQL statement executed was: SELECT *
FROM `AuthAssignment`
WHERE userid=:userid.
in /var/www/yii2/inscripciones/index.php (13)
2015/04/10 01:54:51 [error] [exception.CDbException] exception 'CDbException' with message 'CDbCommand failed to execute the SQL statement: SQLSTATE[42S02]: Base table or view not found: 1146 Table 'inscripciones.AuthAssignment' doesn't exist. The SQL statement executed was: SELECT *
FROM `AuthAssignment`
WHERE userid=:userid' in /var/www/yii2/framework/db/CDbCommand.php:543
Stack trace:
#0 /var/www/yii2/framework/db/CDbCommand.php(396): CDbCommand->queryInternal('fetchAll', Array, Array)
#1 /var/www/yii2/framework/web/auth/CDbAuthManager.php(337): CDbCommand->queryAll()
#2 /var/www/yii2/framework/web/auth/CDbAuthManager.php(74): CDbAuthManager->getAuthAssignments(NULL)
#3 /var/www/yii2/framework/web/auth/CWebUser.php(815): CDbAuthManager->checkAccess('admin', NULL, Array)
#4 /var/www/yii2/framework/web/auth/CAccessControlFilter.php(346): CWebUser->checkAccess('admin')
#5 /var/www/yii2/framework/web/auth/CAccessControlFilter.php(284): CAccessRule->isRoleMatched(Object(CWebUser))
#6 /var/www/yii2/framework/web/auth/CAccessControlFilter.php(138): CAccessRule->isUserAllowed(Object(CWebUser), Object(UsersController), Object(CInlineAction), '::1', 'GET')
#7 /var/www/yii2/framework/web/filters/CFilter.php(38): CAccessControlFilter->preFilter(Object(CFilterChain))
#8 /var/www/yii2/framework/web/CController.php(1145): CFilter->filter(Object(CFilterChain))
#9 /var/www/yii2/framework/web/filters/CInlineFilter.php(58): CController->filterAccessControl(Object(CFilterChain))
#10 /var/www/yii2/framework/web/filters/CFilterChain.php(130): CInlineFilter->filter(Object(CFilterChain))
#11 /var/www/yii2/framework/web/CController.php(291): CFilterChain->run()
#12 /var/www/yii2/framework/web/CController.php(265): CController->runActionWithFilters(Object(CInlineAction), Array)
#13 /var/www/yii2/framework/web/CWebApplication.php(282): CController->run('create')
#14 /var/www/yii2/framework/web/CWebApplication.php(141): CWebApplication->runController('users/create')
#15 /var/www/yii2/framework/base/CApplication.php(184): CWebApplication->processRequest()
#16 /var/www/yii2/inscripciones/index.php(13): CApplication->run()
#17 {main}
REQUEST_URI=/yii2/inscripciones/users/create.html
HTTP_REFERER=http://localhost/yii2/inscripciones/users.html
---
2015/04/10 01:55:36 [error] [exception.CHttpException.404] exception 'CHttpException' with message 'Unable to resolve the request "images/foto_sede1.jpg".' in /var/www/yii2/framework/web/CWebApplication.php:286
Stack trace:
#0 /var/www/yii2/framework/web/CWebApplication.php(141): CWebApplication->runController('images/foto_sed...')
#1 /var/www/yii2/framework/base/CApplication.php(184): CWebApplication->processRequest()
#2 /var/www/yii2/inscripciones/index.php(13): CApplication->run()
#3 {main}
REQUEST_URI=/yii2/inscripciones/images/foto_sede1.jpg
HTTP_REFERER=http://localhost/yii2/inscripciones/
---
2015/04/10 01:56:03 [error] [exception.CHttpException.404] exception 'CHttpException' with message 'Unable to resolve the request "images/foto_sede1.jpg".' in /var/www/yii2/framework/web/CWebApplication.php:286
Stack trace:
#0 /var/www/yii2/framework/web/CWebApplication.php(141): CWebApplication->runController('images/foto_sed...')
#1 /var/www/yii2/framework/base/CApplication.php(184): CWebApplication->processRequest()
#2 /var/www/yii2/inscripciones/index.php(13): CApplication->run()
#3 {main}
REQUEST_URI=/yii2/inscripciones/images/foto_sede1.jpg
HTTP_REFERER=http://localhost/yii2/inscripciones/
---
2015/04/10 01:56:07 [error] [system.db.CDbCommand] CDbCommand::fetchAll() failed: SQLSTATE[42S02]: Base table or view not found: 1146 Table 'inscripciones.AuthAssignment' doesn't exist. The SQL statement executed was: SELECT *
FROM `AuthAssignment`
WHERE userid=:userid.
in /var/www/yii2/inscripciones/index.php (13)
2015/04/10 01:56:07 [error] [exception.CDbException] exception 'CDbException' with message 'CDbCommand failed to execute the SQL statement: SQLSTATE[42S02]: Base table or view not found: 1146 Table 'inscripciones.AuthAssignment' doesn't exist. The SQL statement executed was: SELECT *
FROM `AuthAssignment`
WHERE userid=:userid' in /var/www/yii2/framework/db/CDbCommand.php:543
Stack trace:
#0 /var/www/yii2/framework/db/CDbCommand.php(396): CDbCommand->queryInternal('fetchAll', Array, Array)
#1 /var/www/yii2/framework/web/auth/CDbAuthManager.php(337): CDbCommand->queryAll()
#2 /var/www/yii2/framework/web/auth/CDbAuthManager.php(74): CDbAuthManager->getAuthAssignments(NULL)
#3 /var/www/yii2/framework/web/auth/CWebUser.php(815): CDbAuthManager->checkAccess('admin', NULL, Array)
#4 /var/www/yii2/framework/web/auth/CAccessControlFilter.php(346): CWebUser->checkAccess('admin')
#5 /var/www/yii2/framework/web/auth/CAccessControlFilter.php(284): CAccessRule->isRoleMatched(Object(CWebUser))
#6 /var/www/yii2/framework/web/auth/CAccessControlFilter.php(138): CAccessRule->isUserAllowed(Object(CWebUser), Object(UsersController), Object(CInlineAction), '::1', 'GET')
#7 /var/www/yii2/framework/web/filters/CFilter.php(38): CAccessControlFilter->preFilter(Object(CFilterChain))
#8 /var/www/yii2/framework/web/CController.php(1145): CFilter->filter(Object(CFilterChain))
#9 /var/www/yii2/framework/web/filters/CInlineFilter.php(58): CController->filterAccessControl(Object(CFilterChain))
#10 /var/www/yii2/framework/web/filters/CFilterChain.php(130): CInlineFilter->filter(Object(CFilterChain))
#11 /var/www/yii2/framework/web/CController.php(291): CFilterChain->run()
#12 /var/www/yii2/framework/web/CController.php(265): CController->runActionWithFilters(Object(CInlineAction), Array)
#13 /var/www/yii2/framework/web/CWebApplication.php(282): CController->run('admin')
#14 /var/www/yii2/framework/web/CWebApplication.php(141): CWebApplication->runController('users/admin')
#15 /var/www/yii2/framework/base/CApplication.php(184): CWebApplication->processRequest()
#16 /var/www/yii2/inscripciones/index.php(13): CApplication->run()
#17 {main}
REQUEST_URI=/yii2/inscripciones/users/admin.html
HTTP_REFERER=http://localhost/yii2/inscripciones/users/create.html
---
2015/04/10 01:56:08 [error] [system.db.CDbCommand] CDbCommand::fetchAll() failed: SQLSTATE[42S02]: Base table or view not found: 1146 Table 'inscripciones.AuthAssignment' doesn't exist. The SQL statement executed was: SELECT *
FROM `AuthAssignment`
WHERE userid=:userid.
in /var/www/yii2/inscripciones/index.php (13)
2015/04/10 01:56:08 [error] [exception.CDbException] exception 'CDbException' with message 'CDbCommand failed to execute the SQL statement: SQLSTATE[42S02]: Base table or view not found: 1146 Table 'inscripciones.AuthAssignment' doesn't exist. The SQL statement executed was: SELECT *
FROM `AuthAssignment`
WHERE userid=:userid' in /var/www/yii2/framework/db/CDbCommand.php:543
Stack trace:
#0 /var/www/yii2/framework/db/CDbCommand.php(396): CDbCommand->queryInternal('fetchAll', Array, Array)
#1 /var/www/yii2/framework/web/auth/CDbAuthManager.php(337): CDbCommand->queryAll()
#2 /var/www/yii2/framework/web/auth/CDbAuthManager.php(74): CDbAuthManager->getAuthAssignments(NULL)
#3 /var/www/yii2/framework/web/auth/CWebUser.php(815): CDbAuthManager->checkAccess('admin', NULL, Array)
#4 /var/www/yii2/framework/web/auth/CAccessControlFilter.php(346): CWebUser->checkAccess('admin')
#5 /var/www/yii2/framework/web/auth/CAccessControlFilter.php(284): CAccessRule->isRoleMatched(Object(CWebUser))
#6 /var/www/yii2/framework/web/auth/CAccessControlFilter.php(138): CAccessRule->isUserAllowed(Object(CWebUser), Object(UsersController), Object(CInlineAction), '::1', 'GET')
#7 /var/www/yii2/framework/web/filters/CFilter.php(38): CAccessControlFilter->preFilter(Object(CFilterChain))
#8 /var/www/yii2/framework/web/CController.php(1145): CFilter->filter(Object(CFilterChain))
#9 /var/www/yii2/framework/web/filters/CInlineFilter.php(58): CController->filterAccessControl(Object(CFilterChain))
#10 /var/www/yii2/framework/web/filters/CFilterChain.php(130): CInlineFilter->filter(Object(CFilterChain))
#11 /var/www/yii2/framework/web/CController.php(291): CFilterChain->run()
#12 /var/www/yii2/framework/web/CController.php(265): CController->runActionWithFilters(Object(CInlineAction), Array)
#13 /var/www/yii2/framework/web/CWebApplication.php(282): CController->run('create')
#14 /var/www/yii2/framework/web/CWebApplication.php(141): CWebApplication->runController('users/create')
#15 /var/www/yii2/framework/base/CApplication.php(184): CWebApplication->processRequest()
#16 /var/www/yii2/inscripciones/index.php(13): CApplication->run()
#17 {main}
REQUEST_URI=/yii2/inscripciones/users/create.html
HTTP_REFERER=http://localhost/yii2/inscripciones/users.html
---
2015/04/10 01:56:11 [error] [system.db.CDbCommand] CDbCommand::fetchAll() failed: SQLSTATE[42S02]: Base table or view not found: 1146 Table 'inscripciones.AuthAssignment' doesn't exist. The SQL statement executed was: SELECT *
FROM `AuthAssignment`
WHERE userid=:userid.
in /var/www/yii2/inscripciones/index.php (13)
2015/04/10 01:56:11 [error] [exception.CDbException] exception 'CDbException' with message 'CDbCommand failed to execute the SQL statement: SQLSTATE[42S02]: Base table or view not found: 1146 Table 'inscripciones.AuthAssignment' doesn't exist. The SQL statement executed was: SELECT *
FROM `AuthAssignment`
WHERE userid=:userid' in /var/www/yii2/framework/db/CDbCommand.php:543
Stack trace:
#0 /var/www/yii2/framework/db/CDbCommand.php(396): CDbCommand->queryInternal('fetchAll', Array, Array)
#1 /var/www/yii2/framework/web/auth/CDbAuthManager.php(337): CDbCommand->queryAll()
#2 /var/www/yii2/framework/web/auth/CDbAuthManager.php(74): CDbAuthManager->getAuthAssignments(NULL)
#3 /var/www/yii2/framework/web/auth/CWebUser.php(815): CDbAuthManager->checkAccess('admin', NULL, Array)
#4 /var/www/yii2/framework/web/auth/CAccessControlFilter.php(346): CWebUser->checkAccess('admin')
#5 /var/www/yii2/framework/web/auth/CAccessControlFilter.php(284): CAccessRule->isRoleMatched(Object(CWebUser))
#6 /var/www/yii2/framework/web/auth/CAccessControlFilter.php(138): CAccessRule->isUserAllowed(Object(CWebUser), Object(UsersController), Object(CInlineAction), '::1', 'GET')
#7 /var/www/yii2/framework/web/filters/CFilter.php(38): CAccessControlFilter->preFilter(Object(CFilterChain))
#8 /var/www/yii2/framework/web/CController.php(1145): CFilter->filter(Object(CFilterChain))
#9 /var/www/yii2/framework/web/filters/CInlineFilter.php(58): CController->filterAccessControl(Object(CFilterChain))
#10 /var/www/yii2/framework/web/filters/CFilterChain.php(130): CInlineFilter->filter(Object(CFilterChain))
#11 /var/www/yii2/framework/web/CController.php(291): CFilterChain->run()
#12 /var/www/yii2/framework/web/CController.php(265): CController->runActionWithFilters(Object(CInlineAction), Array)
#13 /var/www/yii2/framework/web/CWebApplication.php(282): CController->run('create')
#14 /var/www/yii2/framework/web/CWebApplication.php(141): CWebApplication->runController('users/create')
#15 /var/www/yii2/framework/base/CApplication.php(184): CWebApplication->processRequest()
#16 /var/www/yii2/inscripciones/index.php(13): CApplication->run()
#17 {main}
REQUEST_URI=/yii2/inscripciones/users/create.html
HTTP_REFERER=http://localhost/yii2/inscripciones/users.html
---
2015/04/10 01:57:11 [error] [system.db.CDbCommand] CDbCommand::fetchAll() failed: SQLSTATE[42S02]: Base table or view not found: 1146 Table 'inscripciones.AuthAssignment' doesn't exist. The SQL statement executed was: SELECT *
FROM `AuthAssignment`
WHERE userid=:userid.
in /var/www/yii2/inscripciones/index.php (13)
2015/04/10 01:57:11 [error] [exception.CDbException] exception 'CDbException' with message 'CDbCommand failed to execute the SQL statement: SQLSTATE[42S02]: Base table or view not found: 1146 Table 'inscripciones.AuthAssignment' doesn't exist. The SQL statement executed was: SELECT *
FROM `AuthAssignment`
WHERE userid=:userid' in /var/www/yii2/framework/db/CDbCommand.php:543
Stack trace:
#0 /var/www/yii2/framework/db/CDbCommand.php(396): CDbCommand->queryInternal('fetchAll', Array, Array)
#1 /var/www/yii2/framework/web/auth/CDbAuthManager.php(337): CDbCommand->queryAll()
#2 /var/www/yii2/framework/web/auth/CDbAuthManager.php(74): CDbAuthManager->getAuthAssignments(NULL)
#3 /var/www/yii2/framework/web/auth/CWebUser.php(815): CDbAuthManager->checkAccess('admin', NULL, Array)
#4 /var/www/yii2/framework/web/auth/CAccessControlFilter.php(346): CWebUser->checkAccess('admin')
#5 /var/www/yii2/framework/web/auth/CAccessControlFilter.php(284): CAccessRule->isRoleMatched(Object(CWebUser))
#6 /var/www/yii2/framework/web/auth/CAccessControlFilter.php(138): CAccessRule->isUserAllowed(Object(CWebUser), Object(UsersController), Object(CInlineAction), '::1', 'GET')
#7 /var/www/yii2/framework/web/filters/CFilter.php(38): CAccessControlFilter->preFilter(Object(CFilterChain))
#8 /var/www/yii2/framework/web/CController.php(1145): CFilter->filter(Object(CFilterChain))
#9 /var/www/yii2/framework/web/filters/CInlineFilter.php(58): CController->filterAccessControl(Object(CFilterChain))
#10 /var/www/yii2/framework/web/filters/CFilterChain.php(130): CInlineFilter->filter(Object(CFilterChain))
#11 /var/www/yii2/framework/web/CController.php(291): CFilterChain->run()
#12 /var/www/yii2/framework/web/CController.php(265): CController->runActionWithFilters(Object(CInlineAction), Array)
#13 /var/www/yii2/framework/web/CWebApplication.php(282): CController->run('admin')
#14 /var/www/yii2/framework/web/CWebApplication.php(141): CWebApplication->runController('users/admin')
#15 /var/www/yii2/framework/base/CApplication.php(184): CWebApplication->processRequest()
#16 /var/www/yii2/inscripciones/index.php(13): CApplication->run()
#17 {main}
REQUEST_URI=/yii2/inscripciones/users/admin.html
HTTP_REFERER=http://localhost/yii2/inscripciones/users.html
---
2015/04/10 01:58:41 [error] [exception.CHttpException.404] exception 'CHttpException' with message 'Unable to resolve the request "images/foto_sede1.jpg".' in /var/www/yii2/framework/web/CWebApplication.php:286
Stack trace:
#0 /var/www/yii2/framework/web/CWebApplication.php(141): CWebApplication->runController('images/foto_sed...')
#1 /var/www/yii2/framework/base/CApplication.php(184): CWebApplication->processRequest()
#2 /var/www/yii2/inscripciones/index.php(13): CApplication->run()
#3 {main}
REQUEST_URI=/yii2/inscripciones/images/foto_sede1.jpg
HTTP_REFERER=http://localhost/yii2/inscripciones/
---
2015/04/10 02:03:52 [error] [exception.CHttpException.404] exception 'CHttpException' with message 'The system is unable to find the requested action "images".' in /var/www/yii2/framework/web/CController.php:483
Stack trace:
#0 /var/www/yii2/framework/web/CController.php(270): CController->missingAction('images')
#1 /var/www/yii2/framework/web/CWebApplication.php(282): CController->run('images')
#2 /var/www/yii2/framework/web/CWebApplication.php(141): CWebApplication->runController('site/images/log...')
#3 /var/www/yii2/framework/base/CApplication.php(184): CWebApplication->processRequest()
#4 /var/www/yii2/inscripciones/index.php(13): CApplication->run()
#5 {main}
REQUEST_URI=/yii2/inscripciones/site/images/logo-bellatrix.png
HTTP_REFERER=http://localhost/yii2/inscripciones/site/index.html
---
2015/04/10 02:03:52 [error] [exception.CHttpException.404] exception 'CHttpException' with message 'The system is unable to find the requested action "images".' in /var/www/yii2/framework/web/CController.php:483
Stack trace:
#0 /var/www/yii2/framework/web/CController.php(270): CController->missingAction('images')
#1 /var/www/yii2/framework/web/CWebApplication.php(282): CController->run('images')
#2 /var/www/yii2/framework/web/CWebApplication.php(141): CWebApplication->runController('site/images/fot...')
#3 /var/www/yii2/framework/base/CApplication.php(184): CWebApplication->processRequest()
#4 /var/www/yii2/inscripciones/index.php(13): CApplication->run()
#5 {main}
REQUEST_URI=/yii2/inscripciones/site/images/foto_sede1.jpg
HTTP_REFERER=http://localhost/yii2/inscripciones/site/index.html
---
2015/04/10 23:11:13 [error] [exception.CHttpException.404] exception 'CHttpException' with message 'The system is unable to find the requested action "images".' in /var/www/yii2/framework/web/CController.php:483
Stack trace:
#0 /var/www/yii2/framework/web/CController.php(270): CController->missingAction('images')
#1 /var/www/yii2/framework/web/CWebApplication.php(282): CController->run('images')
#2 /var/www/yii2/framework/web/CWebApplication.php(141): CWebApplication->runController('site/images/log...')
#3 /var/www/yii2/framework/base/CApplication.php(184): CWebApplication->processRequest()
#4 /var/www/yii2/inscripciones/index.php(13): CApplication->run()
#5 {main}
REQUEST_URI=/yii2/inscripciones/site/images/logo-bellatrix.png
HTTP_REFERER=http://localhost/yii2/inscripciones/site/index.html
---
2015/04/10 23:11:13 [error] [exception.CHttpException.404] exception 'CHttpException' with message 'The system is unable to find the requested action "images".' in /var/www/yii2/framework/web/CController.php:483
Stack trace:
#0 /var/www/yii2/framework/web/CController.php(270): CController->missingAction('images')
#1 /var/www/yii2/framework/web/CWebApplication.php(282): CController->run('images')
#2 /var/www/yii2/framework/web/CWebApplication.php(141): CWebApplication->runController('site/images/fot...')
#3 /var/www/yii2/framework/base/CApplication.php(184): CWebApplication->processRequest()
#4 /var/www/yii2/inscripciones/index.php(13): CApplication->run()
#5 {main}
REQUEST_URI=/yii2/inscripciones/site/images/foto_sede1.jpg
HTTP_REFERER=http://localhost/yii2/inscripciones/site/index.html
---
2015/04/11 00:46:06 [error] [exception.CHttpException.404] exception 'CHttpException' with message 'Unable to resolve the request "images/foto_sede1.jpg".' in /var/www/yii2/framework/web/CWebApplication.php:286
Stack trace:
#0 /var/www/yii2/framework/web/CWebApplication.php(141): CWebApplication->runController('images/foto_sed...')
#1 /var/www/yii2/framework/base/CApplication.php(184): CWebApplication->processRequest()
#2 /var/www/yii2/inscripciones/index.php(13): CApplication->run()
#3 {main}
REQUEST_URI=/yii2/inscripciones/images/foto_sede1.jpg
HTTP_REFERER=http://localhost/yii2/inscripciones/site
---
2015/04/11 00:46:30 [error] [exception.CHttpException.404] exception 'CHttpException' with message 'The system is unable to find the requested action "images".' in /var/www/yii2/framework/web/CController.php:483
Stack trace:
#0 /var/www/yii2/framework/web/CController.php(270): CController->missingAction('images')
#1 /var/www/yii2/framework/web/CWebApplication.php(282): CController->run('images')
#2 /var/www/yii2/framework/web/CWebApplication.php(141): CWebApplication->runController('site/images/log...')
#3 /var/www/yii2/framework/base/CApplication.php(184): CWebApplication->processRequest()
#4 /var/www/yii2/inscripciones/index.php(13): CApplication->run()
#5 {main}
REQUEST_URI=/yii2/inscripciones/site/images/logo-bellatrix.png
HTTP_REFERER=http://localhost/yii2/inscripciones/site/index.html
---
2015/04/11 00:46:30 [error] [exception.CHttpException.404] exception 'CHttpException' with message 'The system is unable to find the requested action "images".' in /var/www/yii2/framework/web/CController.php:483
Stack trace:
#0 /var/www/yii2/framework/web/CController.php(270): CController->missingAction('images')
#1 /var/www/yii2/framework/web/CWebApplication.php(282): CController->run('images')
#2 /var/www/yii2/framework/web/CWebApplication.php(141): CWebApplication->runController('site/images/fot...')
#3 /var/www/yii2/framework/base/CApplication.php(184): CWebApplication->processRequest()
#4 /var/www/yii2/inscripciones/index.php(13): CApplication->run()
#5 {main}
REQUEST_URI=/yii2/inscripciones/site/images/foto_sede1.jpg
HTTP_REFERER=http://localhost/yii2/inscripciones/site/index.html
---
2015/04/11 00:46:35 [error] [exception.CHttpException.404] exception 'CHttpException' with message 'The system is unable to find the requested action "images".' in /var/www/yii2/framework/web/CController.php:483
Stack trace:
#0 /var/www/yii2/framework/web/CController.php(270): CController->missingAction('images')
#1 /var/www/yii2/framework/web/CWebApplication.php(282): CController->run('images')
#2 /var/www/yii2/framework/web/CWebApplication.php(141): CWebApplication->runController('site/images/log...')
#3 /var/www/yii2/framework/base/CApplication.php(184): CWebApplication->processRequest()
#4 /var/www/yii2/inscripciones/index.php(13): CApplication->run()
#5 {main}
REQUEST_URI=/yii2/inscripciones/site/images/logo-bellatrix.png
HTTP_REFERER=http://localhost/yii2/inscripciones/site/index.html
---
2015/04/11 00:46:35 [error] [exception.CHttpException.404] exception 'CHttpException' with message 'The system is unable to find the requested action "images".' in /var/www/yii2/framework/web/CController.php:483
Stack trace:
#0 /var/www/yii2/framework/web/CController.php(270): CController->missingAction('images')
#1 /var/www/yii2/framework/web/CWebApplication.php(282): CController->run('images')
#2 /var/www/yii2/framework/web/CWebApplication.php(141): CWebApplication->runController('site/images/fot...')
#3 /var/www/yii2/framework/base/CApplication.php(184): CWebApplication->processRequest()
#4 /var/www/yii2/inscripciones/index.php(13): CApplication->run()
#5 {main}
REQUEST_URI=/yii2/inscripciones/site/images/foto_sede1.jpg
HTTP_REFERER=http://localhost/yii2/inscripciones/site/index.html
---
2015/04/11 00:54:45 [error] [exception.CHttpException.404] exception 'CHttpException' with message 'The system is unable to find the requested action "images".' in /var/www/yii2/framework/web/CController.php:483
Stack trace:
#0 /var/www/yii2/framework/web/CController.php(270): CController->missingAction('images')
#1 /var/www/yii2/framework/web/CWebApplication.php(282): CController->run('images')
#2 /var/www/yii2/framework/web/CWebApplication.php(141): CWebApplication->runController('site/images/log...')
#3 /var/www/yii2/framework/base/CApplication.php(184): CWebApplication->processRequest()
#4 /var/www/yii2/inscripciones/index.php(13): CApplication->run()
#5 {main}
REQUEST_URI=/yii2/inscripciones/site/images/logo-bellatrix.png
HTTP_REFERER=http://localhost/yii2/inscripciones/site/index.html
---
2015/04/11 00:54:45 [error] [exception.CHttpException.404] exception 'CHttpException' with message 'Unable to resolve the request "images/foto_sede1.jpg".' in /var/www/yii2/framework/web/CWebApplication.php:286
Stack trace:
#0 /var/www/yii2/framework/web/CWebApplication.php(141): CWebApplication->runController('images/foto_sed...')
#1 /var/www/yii2/framework/base/CApplication.php(184): CWebApplication->processRequest()
#2 /var/www/yii2/inscripciones/index.php(13): CApplication->run()
#3 {main}
REQUEST_URI=/yii2/inscripciones/images/foto_sede1.jpg
HTTP_REFERER=http://localhost/yii2/inscripciones/site/index.html
---
2015/04/11 00:55:28 [error] [exception.CHttpException.404] exception 'CHttpException' with message 'Unable to resolve the request "images/foto_sede1.jpg".' in /var/www/yii2/framework/web/CWebApplication.php:286
Stack trace:
#0 /var/www/yii2/framework/web/CWebApplication.php(141): CWebApplication->runController('images/foto_sed...')
#1 /var/www/yii2/framework/base/CApplication.php(184): CWebApplication->processRequest()
#2 /var/www/yii2/inscripciones/index.php(13): CApplication->run()
#3 {main}
REQUEST_URI=/yii2/inscripciones/images/foto_sede1.jpg
HTTP_REFERER=http://localhost/yii2/inscripciones/site/index.html
---
2015/04/12 01:54:38 [error] [system.db.CDbCommand] CDbCommand::fetchAll() failed: SQLSTATE[42S02]: Base table or view not found: 1146 Table 'inscripciones.AuthAssignment' doesn't exist. The SQL statement executed was: SELECT *
FROM `AuthAssignment`
WHERE userid=:userid.
in /var/www/yii2/inscripciones/index.php (13)
2015/04/12 01:54:38 [error] [exception.CDbException] exception 'CDbException' with message 'CDbCommand failed to execute the SQL statement: SQLSTATE[42S02]: Base table or view not found: 1146 Table 'inscripciones.AuthAssignment' doesn't exist. The SQL statement executed was: SELECT *
FROM `AuthAssignment`
WHERE userid=:userid' in /var/www/yii2/framework/db/CDbCommand.php:543
Stack trace:
#0 /var/www/yii2/framework/db/CDbCommand.php(396): CDbCommand->queryInternal('fetchAll', Array, Array)
#1 /var/www/yii2/framework/web/auth/CDbAuthManager.php(337): CDbCommand->queryAll()
#2 /var/www/yii2/framework/web/auth/CDbAuthManager.php(74): CDbAuthManager->getAuthAssignments(NULL)
#3 /var/www/yii2/framework/web/auth/CWebUser.php(815): CDbAuthManager->checkAccess('admin', NULL, Array)
#4 /var/www/yii2/framework/web/auth/CAccessControlFilter.php(346): CWebUser->checkAccess('admin')
#5 /var/www/yii2/framework/web/auth/CAccessControlFilter.php(284): CAccessRule->isRoleMatched(Object(CWebUser))
#6 /var/www/yii2/framework/web/auth/CAccessControlFilter.php(138): CAccessRule->isUserAllowed(Object(CWebUser), Object(UsersController), Object(CInlineAction), '::1', 'GET')
#7 /var/www/yii2/framework/web/filters/CFilter.php(38): CAccessControlFilter->preFilter(Object(CFilterChain))
#8 /var/www/yii2/framework/web/CController.php(1145): CFilter->filter(Object(CFilterChain))
#9 /var/www/yii2/framework/web/filters/CInlineFilter.php(58): CController->filterAccessControl(Object(CFilterChain))
#10 /var/www/yii2/framework/web/filters/CFilterChain.php(130): CInlineFilter->filter(Object(CFilterChain))
#11 /var/www/yii2/framework/web/CController.php(291): CFilterChain->run()
#12 /var/www/yii2/framework/web/CController.php(265): CController->runActionWithFilters(Object(CInlineAction), Array)
#13 /var/www/yii2/framework/web/CWebApplication.php(282): CController->run('admin')
#14 /var/www/yii2/framework/web/CWebApplication.php(141): CWebApplication->runController('users/admin')
#15 /var/www/yii2/framework/base/CApplication.php(184): CWebApplication->processRequest()
#16 /var/www/yii2/inscripciones/index.php(13): CApplication->run()
#17 {main}
REQUEST_URI=/yii2/inscripciones/users/admin.html
HTTP_REFERER=http://localhost/yii2/inscripciones/users/index.html
---
2015/04/12 01:55:06 [error] [system.db.CDbCommand] CDbCommand::fetchAll() failed: SQLSTATE[42S02]: Base table or view not found: 1146 Table 'inscripciones.AuthAssignment' doesn't exist. The SQL statement executed was: SELECT *
FROM `AuthAssignment`
WHERE userid=:userid.
in /var/www/yii2/inscripciones/index.php (13)
2015/04/12 01:55:06 [error] [exception.CDbException] exception 'CDbException' with message 'CDbCommand failed to execute the SQL statement: SQLSTATE[42S02]: Base table or view not found: 1146 Table 'inscripciones.AuthAssignment' doesn't exist. The SQL statement executed was: SELECT *
FROM `AuthAssignment`
WHERE userid=:userid' in /var/www/yii2/framework/db/CDbCommand.php:543
Stack trace:
#0 /var/www/yii2/framework/db/CDbCommand.php(396): CDbCommand->queryInternal('fetchAll', Array, Array)
#1 /var/www/yii2/framework/web/auth/CDbAuthManager.php(337): CDbCommand->queryAll()
#2 /var/www/yii2/framework/web/auth/CDbAuthManager.php(74): CDbAuthManager->getAuthAssignments(NULL)
#3 /var/www/yii2/framework/web/auth/CWebUser.php(815): CDbAuthManager->checkAccess('admin', NULL, Array)
#4 /var/www/yii2/framework/web/auth/CAccessControlFilter.php(346): CWebUser->checkAccess('admin')
#5 /var/www/yii2/framework/web/auth/CAccessControlFilter.php(284): CAccessRule->isRoleMatched(Object(CWebUser))
#6 /var/www/yii2/framework/web/auth/CAccessControlFilter.php(138): CAccessRule->isUserAllowed(Object(CWebUser), Object(UsersController), Object(CInlineAction), '::1', 'GET')
#7 /var/www/yii2/framework/web/filters/CFilter.php(38): CAccessControlFilter->preFilter(Object(CFilterChain))
#8 /var/www/yii2/framework/web/CController.php(1145): CFilter->filter(Object(CFilterChain))
#9 /var/www/yii2/framework/web/filters/CInlineFilter.php(58): CController->filterAccessControl(Object(CFilterChain))
#10 /var/www/yii2/framework/web/filters/CFilterChain.php(130): CInlineFilter->filter(Object(CFilterChain))
#11 /var/www/yii2/framework/web/CController.php(291): CFilterChain->run()
#12 /var/www/yii2/framework/web/CController.php(265): CController->runActionWithFilters(Object(CInlineAction), Array)
#13 /var/www/yii2/framework/web/CWebApplication.php(282): CController->run('create')
#14 /var/www/yii2/framework/web/CWebApplication.php(141): CWebApplication->runController('users/create')
#15 /var/www/yii2/framework/base/CApplication.php(184): CWebApplication->processRequest()
#16 /var/www/yii2/inscripciones/index.php(13): CApplication->run()
#17 {main}
REQUEST_URI=/yii2/inscripciones/users/create.html
HTTP_REFERER=http://localhost/yii2/inscripciones/users/index.html
---
